<?xml version="1.0" encoding="UTF-8"?>
<!-- Generated by org.testng.reporters.JUnitXMLReporter -->
<testsuite ignored="0" hostname="DESKTOP-UP40AQ2" failures="0" tests="37" name="Surefire test" time="1.495" errors="0" timestamp="02 апр. 2019 19:37:26 GMT">
  <testcase classname="testClassPackage.TestClass" name="@BeforeMethod SetUp" time="1.446">
    <failure type="org.openqa.selenium.SessionNotCreatedException" message="session not created: This version of ChromeDriver only supports Chrome version 74
  (Driver info: chromedriver=74.0.3729.6 (255758eccf3d244491b8a1317aa76e1ce10d57e9-refs/branch-heads/3729@{#29}),platform=Windows NT 10.0.15063 x86_64) (WARNING: The server did not provide any stacktrace information)
Command duration or timeout: 596 milliseconds
Build info: version: &amp;apos;3.141.59&amp;apos;, revision: &amp;apos;e82be7d358&amp;apos;, time: &amp;apos;2018-11-14T08:17:03&amp;apos;
System info: host: &amp;apos;DESKTOP-UP40AQ2&amp;apos;, ip: &amp;apos;192.168.0.101&amp;apos;, os.name: &amp;apos;Windows 10&amp;apos;, os.arch: &amp;apos;amd64&amp;apos;, os.version: &amp;apos;10.0&amp;apos;, java.version: &amp;apos;12&amp;apos;
Driver info: driver.version: ChromeDriver">
      <![CDATA[org.openqa.selenium.SessionNotCreatedException: session not created: This version of ChromeDriver only supports Chrome version 74
  (Driver info: chromedriver=74.0.3729.6 (255758eccf3d244491b8a1317aa76e1ce10d57e9-refs/branch-heads/3729@{#29}),platform=Windows NT 10.0.15063 x86_64) (WARNING: The server did not provide any stacktrace information)
Command duration or timeout: 596 milliseconds
Build info: version: '3.141.59', revision: 'e82be7d358', time: '2018-11-14T08:17:03'
System info: host: 'DESKTOP-UP40AQ2', ip: '192.168.0.101', os.name: 'Windows 10', os.arch: 'amd64', os.version: '10.0', java.version: '12'
Driver info: driver.version: ChromeDriver
at org.openqa.selenium.remote.ErrorHandler.createThrowable(ErrorHandler.java:214)
at org.openqa.selenium.remote.ErrorHandler.throwIfResponseFailed(ErrorHandler.java:166)
at org.openqa.selenium.remote.JsonWireProtocolResponse.lambda$errorHandler$0(JsonWireProtocolResponse.java:54)
at org.openqa.selenium.remote.HandshakeResponse.lambda$getResponseFunction$0(HandshakeResponse.java:30)
at org.openqa.selenium.remote.ProtocolHandshake.lambda$createSession$0(ProtocolHandshake.java:126)
at java.base/java.util.stream.ReferencePipeline$3$1.accept(ReferencePipeline.java:195)
at java.base/java.util.Spliterators$ArraySpliterator.tryAdvance(Spliterators.java:958)
at java.base/java.util.stream.ReferencePipeline.forEachWithCancel(ReferencePipeline.java:127)
at java.base/java.util.stream.AbstractPipeline.copyIntoWithCancel(AbstractPipeline.java:502)
at java.base/java.util.stream.AbstractPipeline.copyInto(AbstractPipeline.java:488)
at java.base/java.util.stream.AbstractPipeline.wrapAndCopyInto(AbstractPipeline.java:474)
at java.base/java.util.stream.FindOps$FindOp.evaluateSequential(FindOps.java:150)
at java.base/java.util.stream.AbstractPipeline.evaluate(AbstractPipeline.java:234)
at java.base/java.util.stream.ReferencePipeline.findFirst(ReferencePipeline.java:543)
at org.openqa.selenium.remote.ProtocolHandshake.createSession(ProtocolHandshake.java:128)
at org.openqa.selenium.remote.ProtocolHandshake.createSession(ProtocolHandshake.java:74)
at org.openqa.selenium.remote.HttpCommandExecutor.execute(HttpCommandExecutor.java:136)
at org.openqa.selenium.remote.service.DriverCommandExecutor.execute(DriverCommandExecutor.java:83)
at org.openqa.selenium.remote.RemoteWebDriver.execute(RemoteWebDriver.java:552)
at org.openqa.selenium.remote.RemoteWebDriver.startSession(RemoteWebDriver.java:213)
at org.openqa.selenium.remote.RemoteWebDriver.<init>(RemoteWebDriver.java:131)
at org.openqa.selenium.chrome.ChromeDriver.<init>(ChromeDriver.java:181)
at org.openqa.selenium.chrome.ChromeDriver.<init>(ChromeDriver.java:168)
at org.openqa.selenium.chrome.ChromeDriver.<init>(ChromeDriver.java:123)
at testClassPackage.TestClass.SetUp(TestClass.java:33)
... Removed 38 stack frames]]>
    </failure>
  </testcase> <!-- @BeforeMethod SetUp -->
  <testcase classname="testClassPackage.TestClass" name="@AfterMethod tearDown" time="0.0">
    <skipped/>
  </testcase> <!-- @AfterMethod tearDown -->
  <testcase classname="testClassPackage.TestClass" name="@BeforeMethod SetUp" time="0.0">
    <skipped/>
  </testcase> <!-- @BeforeMethod SetUp -->
  <testcase classname="testClassPackage.TestClass" name="@AfterMethod tearDown" time="0.0">
    <skipped/>
  </testcase> <!-- @AfterMethod tearDown -->
  <testcase classname="testClassPackage.TestClass" name="@BeforeMethod SetUp" time="0.0">
    <skipped/>
  </testcase> <!-- @BeforeMethod SetUp -->
  <testcase classname="testClassPackage.TestClass" name="@AfterMethod tearDown" time="0.0">
    <skipped/>
  </testcase> <!-- @AfterMethod tearDown -->
  <testcase classname="testClassPackage.TestClass" name="@BeforeMethod SetUp" time="0.0">
    <skipped/>
  </testcase> <!-- @BeforeMethod SetUp -->
  <testcase classname="testClassPackage.TestClass" name="@AfterMethod tearDown" time="0.0">
    <skipped/>
  </testcase> <!-- @AfterMethod tearDown -->
  <testcase classname="testClassPackage.TestClass" name="@BeforeMethod SetUp" time="0.0">
    <skipped/>
  </testcase> <!-- @BeforeMethod SetUp -->
  <testcase classname="testClassPackage.TestClass" name="@AfterMethod tearDown" time="0.0">
    <skipped/>
  </testcase> <!-- @AfterMethod tearDown -->
  <testcase classname="testClassPackage.TestClass" name="@BeforeMethod SetUp" time="0.0">
    <skipped/>
  </testcase> <!-- @BeforeMethod SetUp -->
  <testcase classname="testClassPackage.TestClass" name="@AfterMethod tearDown" time="0.0">
    <skipped/>
  </testcase> <!-- @AfterMethod tearDown -->
  <testcase classname="testClassPackage.TestClass1" name="@BeforeClass SetUp" time="0.008">
    <failure type="org.openqa.selenium.WebDriverException" message="Cannot find firefox binary in PATH. Make sure firefox is installed. OS appears to be: WIN10
Build info: version: &amp;apos;3.141.59&amp;apos;, revision: &amp;apos;e82be7d358&amp;apos;, time: &amp;apos;2018-11-14T08:17:03&amp;apos;
System info: host: &amp;apos;DESKTOP-UP40AQ2&amp;apos;, ip: &amp;apos;192.168.0.101&amp;apos;, os.name: &amp;apos;Windows 10&amp;apos;, os.arch: &amp;apos;amd64&amp;apos;, os.version: &amp;apos;10.0&amp;apos;, java.version: &amp;apos;12&amp;apos;
Driver info: driver.version: FirefoxDriver">
      <![CDATA[org.openqa.selenium.WebDriverException: Cannot find firefox binary in PATH. Make sure firefox is installed. OS appears to be: WIN10
Build info: version: '3.141.59', revision: 'e82be7d358', time: '2018-11-14T08:17:03'
System info: host: 'DESKTOP-UP40AQ2', ip: '192.168.0.101', os.name: 'Windows 10', os.arch: 'amd64', os.version: '10.0', java.version: '12'
Driver info: driver.version: FirefoxDriver
at org.openqa.selenium.firefox.FirefoxBinary.<init>(FirefoxBinary.java:100)
at java.base/java.util.Optional.orElseGet(Optional.java:369)
at org.openqa.selenium.firefox.FirefoxOptions.getBinary(FirefoxOptions.java:216)
at org.openqa.selenium.firefox.FirefoxDriver.toExecutor(FirefoxDriver.java:187)
at org.openqa.selenium.firefox.FirefoxDriver.<init>(FirefoxDriver.java:147)
at org.openqa.selenium.firefox.FirefoxDriver.<init>(FirefoxDriver.java:125)
at testClassPackage.TestClass1.SetUp(TestClass1.java:32)
... Removed 31 stack frames]]>
    </failure>
  </testcase> <!-- @BeforeClass SetUp -->
  <testcase classname="testClassPackage.TestClass1" name="@AfterClass tearDown" time="0.0">
    <skipped/>
  </testcase> <!-- @AfterClass tearDown -->
  <testcase classname="testClassPackage.TestClass" name="testcase1_create_new_user" time="0.0">
    <skipped/>
  </testcase> <!-- testcase1_create_new_user -->
  <testcase classname="testClassPackage.TestClass" name="testcase1_create_new_user" time="0.0">
    <skipped/>
  </testcase> <!-- testcase1_create_new_user -->
  <testcase classname="testClassPackage.TestClass" name="testcase1_create_new_user" time="0.0">
    <skipped/>
  </testcase> <!-- testcase1_create_new_user -->
  <testcase classname="testClassPackage.TestClass" name="testcase2_login_to_tracker" time="0.0">
    <skipped/>
  </testcase> <!-- testcase2_login_to_tracker -->
  <testcase classname="testClassPackage.TestClass" name="testcase2_login_to_tracker" time="0.0">
    <skipped/>
  </testcase> <!-- testcase2_login_to_tracker -->
  <testcase classname="testClassPackage.TestClass" name="testcase2_login_to_tracker" time="0.0">
    <skipped/>
  </testcase> <!-- testcase2_login_to_tracker -->
  <testcase classname="testClassPackage.TestClass1" name="testcase1_create_category" time="0.0">
    <skipped/>
  </testcase> <!-- testcase1_create_category -->
  <testcase classname="testClassPackage.TestClass1" name="testcase1_create_category" time="0.0">
    <skipped/>
  </testcase> <!-- testcase1_create_category -->
  <testcase classname="testClassPackage.TestClass1" name="testcase1_create_category" time="0.0">
    <skipped/>
  </testcase> <!-- testcase1_create_category -->
  <testcase classname="testClassPackage.TestClass1" name="testcase1_create_category" time="0.0">
    <skipped/>
  </testcase> <!-- testcase1_create_category -->
  <testcase classname="testClassPackage.TestClass1" name="testcase1_create_category" time="0.0">
    <skipped/>
  </testcase> <!-- testcase1_create_category -->
  <testcase classname="testClassPackage.TestClass1" name="testcase1_create_category" time="0.0">
    <skipped/>
  </testcase> <!-- testcase1_create_category -->
  <testcase classname="testClassPackage.TestClass1" name="testcase1_create_category" time="0.0">
    <skipped/>
  </testcase> <!-- testcase1_create_category -->
  <testcase classname="testClassPackage.TestClass1" name="testcase1_create_category" time="0.0">
    <skipped/>
  </testcase> <!-- testcase1_create_category -->
  <testcase classname="testClassPackage.TestClass1" name="testcase2_edit_category" time="0.0">
    <skipped/>
  </testcase> <!-- testcase2_edit_category -->
  <testcase classname="testClassPackage.TestClass1" name="testcase3_delete_category" time="0.0">
    <skipped/>
  </testcase> <!-- testcase3_delete_category -->
  <testcase classname="testClassPackage.TestClass1" name="testcase4_add_expenses" time="0.0">
    <skipped/>
  </testcase> <!-- testcase4_add_expenses -->
  <testcase classname="testClassPackage.TestClass1" name="testcase4_add_expenses" time="0.0">
    <skipped/>
  </testcase> <!-- testcase4_add_expenses -->
  <testcase classname="testClassPackage.TestClass1" name="testcase4_add_expenses" time="0.0">
    <skipped/>
  </testcase> <!-- testcase4_add_expenses -->
  <testcase classname="testClassPackage.TestClass1" name="testcase4_add_expenses" time="0.0">
    <skipped/>
  </testcase> <!-- testcase4_add_expenses -->
  <testcase classname="testClassPackage.TestClass1" name="testcase4_add_expenses" time="0.0">
    <skipped/>
  </testcase> <!-- testcase4_add_expenses -->
  <testcase classname="testClassPackage.TestClass1" name="testcase4_add_expenses" time="0.0">
    <skipped/>
  </testcase> <!-- testcase4_add_expenses -->
  <testcase classname="testClassPackage.TestClass1" name="testcase4_add_expenses" time="0.0">
    <skipped/>
  </testcase> <!-- testcase4_add_expenses -->
  <testcase classname="testClassPackage.TestClass1" name="testcase4_add_expenses" time="0.0">
    <skipped/>
  </testcase> <!-- testcase4_add_expenses -->
  <testcase classname="testClassPackage.TestClass1" name="testcase4_add_expenses" time="0.0">
    <skipped/>
  </testcase> <!-- testcase4_add_expenses -->
  <testcase classname="testClassPackage.TestClass1" name="testcase4_add_expenses" time="0.0">
    <skipped/>
  </testcase> <!-- testcase4_add_expenses -->
  <testcase classname="testClassPackage.TestClass1" name="testcase4_add_expenses" time="0.0">
    <skipped/>
  </testcase> <!-- testcase4_add_expenses -->
  <testcase classname="testClassPackage.TestClass1" name="testcase4_add_expenses" time="0.0">
    <skipped/>
  </testcase> <!-- testcase4_add_expenses -->
  <testcase classname="testClassPackage.TestClass1" name="testcase5_edit_expenses" time="0.0">
    <skipped/>
  </testcase> <!-- testcase5_edit_expenses -->
  <testcase classname="testClassPackage.TestClass1" name="testcase6_delete_expenses" time="0.0">
    <skipped/>
  </testcase> <!-- testcase6_delete_expenses -->
  <testcase classname="testClassPackage.TestClass1" name="testcase7_list_expenses" time="0.0">
    <skipped/>
  </testcase> <!-- testcase7_list_expenses -->
  <testcase classname="testClassPackage.TestClass1" name="testcase8_edit_user_account" time="0.0">
    <skipped/>
  </testcase> <!-- testcase8_edit_user_account -->
  <testcase classname="testClassPackage.TestClass1" name="testcase8_edit_user_account" time="0.0">
    <skipped/>
  </testcase> <!-- testcase8_edit_user_account -->
  <testcase classname="testClassPackage.TestClass1" name="testcase8_edit_user_account" time="0.0">
    <skipped/>
  </testcase> <!-- testcase8_edit_user_account -->
  <testcase classname="testClassPackage.TestClass1" name="testcase8_edit_user_account" time="0.0">
    <skipped/>
  </testcase> <!-- testcase8_edit_user_account -->
  <testcase classname="testClassPackage.TestClass1" name="testcase8_edit_user_account" time="0.0">
    <skipped/>
  </testcase> <!-- testcase8_edit_user_account -->
  <testcase classname="testClassPackage.TestClass1" name="testcase9_edit_user_name" time="0.0">
    <skipped/>
  </testcase> <!-- testcase9_edit_user_name -->
</testsuite> <!-- Surefire test -->
